<?xml version="1.0" encoding="UTF-8"?>
<!-- Generated by org.testng.reporters.JUnitXMLReporter -->
<testsuite hostname="ASDP1556PO01976" ignored="0" name="Default test" tests="8" failures="0" timestamp="29 Jun 2018 07:15:22 GMT" time="8.153" errors="0">
  <testcase name="Step_01_Open_Url" time="1.056" classname="com.hris.hris.hris"/>
  <testcase name="Step_02_Open_Log_in_Panel" time="0.226" classname="com.hris.hris.hris"/>
  <testcase name="Step_03_Log_in_with_correct_username_and_password" time="0.001" classname="com.hris.hris.hris"/>
  <testcase name="Step_04_Log_In_with_Either_Username_or_Password_Incorrect" time="0.607" classname="com.hris.hris.hris"/>
  <testcase name="Step_05_Log_in_with_Username_and_Blank_password" time="0.001" classname="com.hris.hris.hris"/>
  <testcase name="Step_06_Log_in_with_Blank_Username_and_Password" time="0.001" classname="com.hris.hris.hris"/>
  <testcase name="Step_07_Log_in_with_correct_username_and_password_and_get_value_from_columns" time="0.001" classname="com.hris.hris.hris"/>
  <testcase name="Step_08_Successful_Logout" time="0.001" classname="com.hris.hris.hris"/>
</testsuite> <!-- Default test -->
